<?xml version="1.0" encoding="UTF-8"?>
<!-- Generated by org.testng.reporters.JUnitXMLReporter -->
<testsuite ignored="0" hostname="KUNDAN" failures="0" tests="6" name="Test" time="0.067" errors="0" timestamp="2022-12-30T00:20:35 IST">
  <testcase classname="scripts.test5" name="Tc05" time="0.012"/>
  <testcase classname="scripts.Test6" name="Tc07" time="0.002"/>
  <testcase classname="scripts.Test4" name="Tc04" time="0.001"/>
  <testcase classname="scripts.Test3" name="Tc03" time="0.001"/>
  <testcase classname="scripts.Test2" name="Tc02" time="0.001"/>
  <testcase classname="scripts.Test1" name="Tc01" time="0.001"/>
</testsuite> <!-- Test -->
