<?xml version="1.0" encoding="UTF-8"?>
<testng-results ignored="0" total="6" passed="6" failed="0" skipped="0">
  <reporter-output>
    <line>
      <![CDATA[hello API testing]]>
    </line>
    <line>
      <![CDATA[hello jenkins testing]]>
    </line>
    <line>
      <![CDATA[hello Python]]>
    </line>
    <line>
      <![CDATA[hello java]]>
    </line>
    <line>
      <![CDATA[hello selenium]]>
    </line>
    <line>
      <![CDATA[hello jenkins]]>
    </line>
  </reporter-output>
  <suite started-at="2022-12-30T00:20:35 IST" name="Suite" finished-at="2022-12-30T00:20:35 IST" duration-ms="67">
    <groups>
    </groups>
    <test started-at="2022-12-30T00:20:35 IST" name="Test" finished-at="2022-12-30T00:20:35 IST" duration-ms="67">
      <class name="scripts.Test1">
        <test-method signature="Tc01()[pri:0, instance:scripts.Test1@636be97c]" started-at="2022-12-30T00:20:35 IST" name="Tc01" finished-at="2022-12-30T00:20:35 IST" duration-ms="1" status="PASS">
          <reporter-output>
            <line>
              <![CDATA[hello jenkins]]>
            </line>
          </reporter-output>
        </test-method> <!-- Tc01 -->
      </class> <!-- scripts.Test1 -->
      <class name="scripts.test5">
        <test-method signature="Tc05()[pri:0, instance:scripts.test5@6a28ffa4]" started-at="2022-12-30T00:20:35 IST" name="Tc05" finished-at="2022-12-30T00:20:35 IST" duration-ms="12" status="PASS">
          <reporter-output>
            <line>
              <![CDATA[hello API testing]]>
            </line>
          </reporter-output>
        </test-method> <!-- Tc05 -->
      </class> <!-- scripts.test5 -->
      <class name="scripts.Test3">
        <test-method signature="Tc03()[pri:0, instance:scripts.Test3@5e82df6a]" started-at="2022-12-30T00:20:35 IST" name="Tc03" finished-at="2022-12-30T00:20:35 IST" duration-ms="1" status="PASS">
          <reporter-output>
            <line>
              <![CDATA[hello java]]>
            </line>
          </reporter-output>
        </test-method> <!-- Tc03 -->
      </class> <!-- scripts.Test3 -->
      <class name="scripts.Test2">
        <test-method signature="Tc02()[pri:0, instance:scripts.Test2@3f197a46]" started-at="2022-12-30T00:20:35 IST" name="Tc02" finished-at="2022-12-30T00:20:35 IST" duration-ms="1" status="PASS">
          <reporter-output>
            <line>
              <![CDATA[hello selenium]]>
            </line>
          </reporter-output>
        </test-method> <!-- Tc02 -->
      </class> <!-- scripts.Test2 -->
      <class name="scripts.Test4">
        <test-method signature="Tc04()[pri:0, instance:scripts.Test4@7a69b07]" started-at="2022-12-30T00:20:35 IST" name="Tc04" finished-at="2022-12-30T00:20:35 IST" duration-ms="1" status="PASS">
          <reporter-output>
            <line>
              <![CDATA[hello Python]]>
            </line>
          </reporter-output>
        </test-method> <!-- Tc04 -->
      </class> <!-- scripts.Test4 -->
      <class name="scripts.Test6">
        <test-method signature="Tc07()[pri:0, instance:scripts.Test6@1139b2f3]" started-at="2022-12-30T00:20:35 IST" name="Tc07" finished-at="2022-12-30T00:20:35 IST" duration-ms="2" status="PASS">
          <reporter-output>
            <line>
              <![CDATA[hello jenkins testing]]>
            </line>
          </reporter-output>
        </test-method> <!-- Tc07 -->
      </class> <!-- scripts.Test6 -->
    </test> <!-- Test -->
  </suite> <!-- Suite -->
</testng-results>
