<?xml version="1.0" encoding="UTF-8"?>
<testng-results ignored="0" total="1" passed="1" failed="0" skipped="0">
  <reporter-output>
    <line>
      <![CDATA[hello jenkins]]>
    </line>
  </reporter-output>
  <suite started-at="2023-01-02T15:40:37 IST" name="Default suite" finished-at="2023-01-02T15:40:37 IST" duration-ms="51">
    <groups>
    </groups>
    <test started-at="2023-01-02T15:40:37 IST" name="Default test" finished-at="2023-01-02T15:40:37 IST" duration-ms="51">
      <class name="scripts.Test1">
        <test-method signature="Tc01()[pri:0, instance:scripts.Test1@6bedbc4d]" started-at="2023-01-02T15:40:37 IST" name="Tc01" finished-at="2023-01-02T15:40:37 IST" duration-ms="9" status="PASS">
          <reporter-output>
            <line>
              <![CDATA[hello jenkins]]>
            </line>
          </reporter-output>
        </test-method> <!-- Tc01 -->
      </class> <!-- scripts.Test1 -->
    </test> <!-- Default test -->
  </suite> <!-- Default suite -->
</testng-results>
